#
# There is insufficient memory for the Java Runtime Environment to continue.
# Native memory allocation (malloc) failed to allocate 1048576 bytes for AllocateHeap
# Possible reasons:
#   The system is out of physical RAM or swap space
#   In 32 bit mode, the process size limit was hit
# Possible solutions:
#   Reduce memory load on the system
#   Increase physical memory or swap space
#   Check if swap backing store is full
#   Use 64 bit Java on a 64 bit OS
#   Decrease Java heap size (-Xmx/-Xms)
#   Decrease number of Java threads
#   Decrease Java thread stack sizes (-Xss)
#   Set larger code cache with -XX:ReservedCodeCacheSize=
# This output file may be truncated or incomplete.
#
#  Out of Memory Error (memory/allocation.inline.hpp:61), pid=4844, tid=0x0000000000003728
#
# JRE version:  (8.0_121-b13) (build )
# Java VM: Java HotSpot(TM) 64-Bit Server VM (25.121-b13 mixed mode windows-amd64 compressed oops)
# Failed to write core dump. Minidumps are not enabled by default on client versions of Windows
#

---------------  T H R E A D  ---------------

Current thread (0x000000000286e000):  JavaThread "Unknown thread" [_thread_in_vm, id=14120, stack(0x0000000002680000,0x0000000002780000)]

Stack: [0x0000000002680000,0x0000000002780000]
[error occurred during error reporting (printing stack bounds), id 0xc0000005]

Native frames: (J=compiled Java code, j=interpreted, Vv=VM code, C=native code)


---------------  P R O C E S S  ---------------

Java Threads: ( => current thread )

Other Threads:

=>0x000000000286e000 (exited) JavaThread "Unknown thread" [_thread_in_vm, id=14120, stack(0x0000000002680000,0x0000000002780000)]

VM state:not at safepoint (normal execution)

VM Mutex/Monitor currently owned by a thread: None

Heap:
 PSYoungGen      total 76288K, used 1310K [0x00000000eab00000, 0x00000000f0000000, 0x0000000100000000)
  eden space 65536K, 2% used [0x00000000eab00000,0x00000000eac47af0,0x00000000eeb00000)
  from space 10752K, 0% used [0x00000000ef580000,0x00000000ef580000,0x00000000f0000000)
  to   space 10752K, 0% used [0x00000000eeb00000,0x00000000eeb00000,0x00000000ef580000)
 ParOldGen       total 175104K, used 0K [0x00000000c0000000, 0x00000000cab00000, 0x00000000eab00000)
  object space 175104K, 0% used [0x00000000c0000000,0x00000000c0000000,0x00000000cab00000)
 Metaspace       used 770K, capacity 4480K, committed 4480K, reserved 1056768K
  class space    used 75K, capacity 384K, committed 384K, reserved 1048576K

Card table byte_map: [0x0000000011d30000,0x0000000011f40000] byte_map_base: 0x0000000011730000

Marking Bits: (ParMarkBitMap*) 0x00000000632eb6d0
 Begin Bits: [0x00000000128a0000, 0x00000000138a0000)
 End Bits:   [0x00000000138a0000, 0x00000000148a0000)

Polling page: 0x0000000000b60000

CodeCache: size=245760Kb used=328Kb max_used=328Kb free=245431Kb
 bounds [0x0000000002970000, 0x0000000002be0000, 0x0000000011970000]
 total_blobs=58 nmethods=0 adapters=38
 compilation: enabled

Compilation events (0 events):
No events

GC Heap History (0 events):
No events

Deoptimization events (0 events):
No events

Internal exceptions (0 events):
No events

Events (10 events):
Event: 0.024 loading class java/lang/Short
Event: 0.024 loading class java/lang/Short done
Event: 0.024 loading class java/lang/Integer
Event: 0.024 loading class java/lang/Integer done
Event: 0.024 loading class java/lang/Long
Event: 0.024 loading class java/lang/Long done
Event: 0.025 loading class java/lang/NullPointerException
Event: 0.025 loading class java/lang/NullPointerException done
Event: 0.025 loading class java/lang/ArithmeticException
Event: 0.025 loading class java/lang/ArithmeticException done


Dynamic libraries:
0x00007ff6c3470000 - 0x00007ff6c34a7000 	C:\Program Files\Java\jdk1.8.0_121\bin\java.exe
0x00007ffdbae90000 - 0x00007ffdbb061000 	C:\WINDOWS\SYSTEM32\ntdll.dll
0x00007ffdba440000 - 0x00007ffdba4eb000 	C:\WINDOWS\System32\KERNEL32.DLL
0x00007ffdb71f0000 - 0x00007ffdb740d000 	C:\WINDOWS\System32\KERNELBASE.dll
0x00007ffdb85a0000 - 0x00007ffdb8642000 	C:\WINDOWS\System32\ADVAPI32.dll
0x00007ffdba3a0000 - 0x00007ffdba43e000 	C:\WINDOWS\System32\msvcrt.dll
0x00007ffdba4f0000 - 0x00007ffdba549000 	C:\WINDOWS\System32\sechost.dll
0x00007ffdb8a60000 - 0x00007ffdb8b81000 	C:\WINDOWS\System32\RPCRT4.dll
0x00007ffdb88c0000 - 0x00007ffdb8a25000 	C:\WINDOWS\System32\USER32.dll
0x00007ffdb7130000 - 0x00007ffdb714e000 	C:\WINDOWS\System32\win32u.dll
0x00007ffdba5f0000 - 0x00007ffdba624000 	C:\WINDOWS\System32\GDI32.dll
0x00007ffdb7910000 - 0x00007ffdb7a92000 	C:\WINDOWS\System32\gdi32full.dll
0x00007ffdae6a0000 - 0x00007ffdae91a000 	C:\WINDOWS\WinSxS\amd64_microsoft.windows.common-controls_6595b64144ccf1df_6.0.14393.351_none_4213128bc687e6d3\COMCTL32.dll
0x00007ffdb8260000 - 0x00007ffdb8527000 	C:\WINDOWS\System32\combase.dll
0x00007ffdb7490000 - 0x00007ffdb7585000 	C:\WINDOWS\System32\ucrtbase.dll
0x00007ffdb7410000 - 0x00007ffdb747a000 	C:\WINDOWS\System32\bcryptPrimitives.dll
0x00007ffdbad00000 - 0x00007ffdbad2e000 	C:\WINDOWS\System32\IMM32.DLL
0x0000000062640000 - 0x0000000062712000 	C:\Program Files\Java\jdk1.8.0_121\jre\bin\msvcr100.dll
0x0000000062ad0000 - 0x000000006336b000 	C:\Program Files\Java\jdk1.8.0_121\jre\bin\server\jvm.dll
0x00007ffdb7aa0000 - 0x00007ffdb7ac3000 	C:\WINDOWS\System32\WINMM.dll
0x00007ffdb70d0000 - 0x00007ffdb70fb000 	C:\WINDOWS\System32\WINMMBASE.dll
0x00007ffdb78c0000 - 0x00007ffdb7902000 	C:\WINDOWS\System32\cfgmgr32.dll
0x00007ffdb8a50000 - 0x00007ffdb8a58000 	C:\WINDOWS\System32\PSAPI.DLL
0x00007ffda7ea0000 - 0x00007ffda7ea9000 	C:\WINDOWS\SYSTEM32\WSOCK32.dll
0x00007ffdbaac0000 - 0x00007ffdbab2a000 	C:\WINDOWS\System32\WS2_32.dll
0x00007ffdb3200000 - 0x00007ffdb320a000 	C:\WINDOWS\SYSTEM32\VERSION.dll
0x0000000062ac0000 - 0x0000000062acf000 	C:\Program Files\Java\jdk1.8.0_121\jre\bin\verify.dll
0x0000000062a90000 - 0x0000000062ab9000 	C:\Program Files\Java\jdk1.8.0_121\jre\bin\java.dll
0x0000000062a70000 - 0x0000000062a86000 	C:\Program Files\Java\jdk1.8.0_121\jre\bin\zip.dll

VM Arguments:
jvm_args: -Djava.awt.headless=true -Xmx1024M -Dfile.encoding=GBK -Duser.country=US -Duser.language=en -Duser.variant 
java_command: com.android.dx.command.Main --dex --num-threads=4 --output C:\Users\Administrator\Desktop\Grade3\GraduateDesign\BestOJApp\project\BestOJApp\app\build\intermediates\pre-dexed\debug\com.specyci-residemenu-1.6_61dbfda5a437761b8265ab396f3b44cb81dda828.jar C:\Users\Administrator\Desktop\Grade3\GraduateDesign\BestOJApp\project\BestOJApp\app\build\intermediates\exploded-aar\com.specyci\residemenu\1.6\jars\classes.jar
java_class_path (initial): F:\Android\sdk\build-tools\23.0.2\lib\dx.jar
Launcher Type: SUN_STANDARD

Environment Variables:
CLASSPATH=.;C:\apache-ant-1.9.7\lib;c:\Program Files (x86)\QuickTime\QTSystem\QTJava.zip
PATH=C:\ProgramData\Oracle\Java\javapath;F:\DB\product\11.1.0\db_1\bin;C:\Program Files (x86)\Intel\iCLS Client\;C:\Program Files\Intel\iCLS Client\;C:\Windows\system32;C:\Windows;C:\Windows\System32\Wbem;C:\Windows\System32\WindowsPowerShell\v1.0\;C:\Program Files\Intel\Intel(R) Management Engine Components\DAL;C:\Program Files\Intel\Intel(R) Management Engine Components\IPT;C:\Program Files (x86)\Intel\Intel(R) Management Engine Components\DAL;C:\Program Files (x86)\Intel\Intel(R) Management Engine Components\IPT;C:\Program Files (x86)\NVIDIA Corporation\PhysX\Common;C:\mysql-5.1.63-winx64\bin;F:\gradle-2.11\bin;C:\Program Files\Git\cmd;C:\apache-ant-1.9.7\bin;C:\Program Files (x86)\Windows Kits\8.1\Windows Performance Toolkit\;C:\Program Files (x86)\ATI Technologies\ATI.ACE\Core-Static;c:\Program Files (x86)\QuickTime\QTSystem\;C:\WINDOWS\system32;C:\WINDOWS;C:\WINDOWS\System32\Wbem;C:\WINDOWS\System32\WindowsPowerShell\v1.0\;C:\Program Files (x86)\Livestreamer;C:\Program Files\TortoiseSVN\bin;C:\Users\Administrator\AppData\Local\Programs\Python\Python35-32\Scripts\;C:\Users\Administrator\AppData\Local\Programs\Python\Python35-32\;C:\Users\Administrator\AppData\Local\Microsoft\WindowsApps;F:\texlive\2016\bin\win32
USERNAME=Administrator
OS=Windows_NT
PROCESSOR_IDENTIFIER=Intel64 Family 6 Model 60 Stepping 3, GenuineIntel



---------------  S Y S T E M  ---------------

OS: Windows 10.0 , 64 bit Build 14393 (10.0.14393.0)

CPU:total 8 (4 cores per cpu, 2 threads per core) family 6 model 60 stepping 3, cmov, cx8, fxsr, mmx, sse, sse2, sse3, ssse3, sse4.1, sse4.2, popcnt, avx, avx2, aes, clmul, erms, lzcnt, ht, tsc, tscinvbit, bmi1, bmi2

Memory: 4k page, physical 16712212k(7031996k free), swap 18279856k(5232k free)

vm_info: Java HotSpot(TM) 64-Bit Server VM (25.121-b13) for windows-amd64 JRE (1.8.0_121-b13), built on Dec 12 2016 18:21:36 by "java_re" with MS VC++ 10.0 (VS2010)

time: Tue Mar 07 19:28:48 2017
elapsed time: 0 seconds (0d 0h 0m 0s)

