#
# There is insufficient memory for the Java Runtime Environment to continue.
# Native memory allocation (malloc) failed to allocate 32744 bytes for ChunkPool::allocate
# Possible reasons:
#   The system is out of physical RAM or swap space
#   In 32 bit mode, the process size limit was hit
# Possible solutions:
#   Reduce memory load on the system
#   Increase physical memory or swap space
#   Check if swap backing store is full
#   Use 64 bit Java on a 64 bit OS
#   Decrease Java heap size (-Xmx/-Xms)
#   Decrease number of Java threads
#   Decrease Java thread stack sizes (-Xss)
#   Set larger code cache with -XX:ReservedCodeCacheSize=
# This output file may be truncated or incomplete.
#
#  Out of Memory Error (allocation.cpp:273), pid=8212, tid=0x00000000000050d4
#
# JRE version: Java(TM) SE Runtime Environment (8.0_121-b13) (build 1.8.0_121-b13)
# Java VM: Java HotSpot(TM) 64-Bit Server VM (25.121-b13 mixed mode windows-amd64 compressed oops)
# Failed to write core dump. Minidumps are not enabled by default on client versions of Windows
#

---------------  T H R E A D  ---------------

Current thread (0x0000000017533000):  JavaThread "C2 CompilerThread1" daemon [_thread_in_native, id=20692, stack(0x0000000017d40000,0x0000000017e40000)]

Stack: [0x0000000017d40000,0x0000000017e40000]
[error occurred during error reporting (printing stack bounds), id 0xc0000005]

Native frames: (J=compiled Java code, j=interpreted, Vv=VM code, C=native code)


Current CompileTask:
C2:   1554  252       4       java.lang.String::equals (81 bytes)


---------------  P R O C E S S  ---------------

Java Threads: ( => current thread )
  0x000000001776c800 JavaThread "pool-1-thread-4" [_thread_blocked, id=10448, stack(0x0000000018640000,0x0000000018740000)]
  0x0000000017769800 JavaThread "pool-1-thread-3" [_thread_new, id=15524, stack(0x0000000000000000,0x0000000000000000)]
  0x000000001775f000 JavaThread "pool-1-thread-2" [_thread_in_vm, id=13452, stack(0x0000000018440000,0x0000000018540000)]
  0x000000001775e000 JavaThread "pool-2-thread-1" [_thread_blocked, id=9744, stack(0x0000000018340000,0x0000000018440000)]
  0x0000000017759000 JavaThread "pool-1-thread-1" [_thread_blocked, id=17376, stack(0x0000000018240000,0x0000000018340000)]
  0x000000001753f000 JavaThread "Service Thread" daemon [_thread_blocked, id=18688, stack(0x0000000018040000,0x0000000018140000)]
  0x0000000017538800 JavaThread "C1 CompilerThread3" daemon [_thread_in_vm, id=4204, stack(0x0000000017f40000,0x0000000018040000)]
  0x0000000017537800 JavaThread "C2 CompilerThread2" daemon [_thread_blocked, id=21000, stack(0x0000000017e40000,0x0000000017f40000)]
=>0x0000000017533000 JavaThread "C2 CompilerThread1" daemon [_thread_in_native, id=20692, stack(0x0000000017d40000,0x0000000017e40000)]
  0x000000001557a800 JavaThread "C2 CompilerThread0" daemon [_thread_in_native, id=10248, stack(0x0000000017c40000,0x0000000017d40000)]
  0x00000000174de800 JavaThread "Attach Listener" daemon [_thread_blocked, id=13364, stack(0x0000000017b40000,0x0000000017c40000)]
  0x000000001748b000 JavaThread "Signal Dispatcher" daemon [_thread_blocked, id=17908, stack(0x0000000017a40000,0x0000000017b40000)]
  0x000000000299d800 JavaThread "Finalizer" daemon [_thread_blocked, id=5200, stack(0x0000000017850000,0x0000000017950000)]
  0x000000001556d800 JavaThread "Reference Handler" daemon [_thread_blocked, id=20176, stack(0x0000000017350000,0x0000000017450000)]
  0x0000000002a4e000 JavaThread "main" [_thread_blocked, id=6588, stack(0x0000000000ba0000,0x0000000000ca0000)]

Other Threads:
  0x0000000015568800 VMThread [stack: 0x0000000017250000,0x0000000017350000] [id=20956]
  0x000000001758a800 WatcherThread [stack: 0x0000000018140000,0x0000000018240000] [id=20500]

VM state:not at safepoint (normal execution)

VM Mutex/Monitor currently owned by a thread: None

Heap:
 PSYoungGen      total 76288K, used 9175K [0x00000000eab00000, 0x00000000f0000000, 0x0000000100000000)
  eden space 65536K, 14% used [0x00000000eab00000,0x00000000eb3f5c78,0x00000000eeb00000)
  from space 10752K, 0% used [0x00000000ef580000,0x00000000ef580000,0x00000000f0000000)
  to   space 10752K, 0% used [0x00000000eeb00000,0x00000000eeb00000,0x00000000ef580000)
 ParOldGen       total 175104K, used 0K [0x00000000c0000000, 0x00000000cab00000, 0x00000000eab00000)
  object space 175104K, 0% used [0x00000000c0000000,0x00000000c0000000,0x00000000cab00000)
 Metaspace       used 4183K, capacity 5208K, committed 5504K, reserved 1056768K
  class space    used 471K, capacity 528K, committed 640K, reserved 1048576K

Card table byte_map: [0x0000000011e10000,0x0000000012020000] byte_map_base: 0x0000000011810000

Marking Bits: (ParMarkBitMap*) 0x00000000632eb6d0
 Begin Bits: [0x0000000012980000, 0x0000000013980000)
 End Bits:   [0x0000000013980000, 0x0000000014980000)

Polling page: 0x00000000024d0000

CodeCache: size=245760Kb used=1728Kb max_used=1737Kb free=244031Kb
 bounds [0x0000000002a50000, 0x0000000002cc0000, 0x0000000011a50000]
 total_blobs=516 nmethods=257 adapters=172
 compilation: enabled

Compilation events (10 events):
Event: 1.551 Thread 0x0000000017533000  252       4       java.lang.String::equals (81 bytes)
Event: 1.551 Thread 0x0000000017538800  253       1       java.lang.reflect.Field::getName (5 bytes)
Event: 1.551 Thread 0x0000000017538800 nmethod 253 0x0000000002bf3350 code [0x0000000002bf34a0, 0x0000000002bf35b0]
Event: 1.551 Thread 0x0000000017538800  254       3       java.lang.String::substring (56 bytes)
Event: 1.551 Thread 0x0000000017538800 nmethod 254 0x0000000002bfb850 code [0x0000000002bfb9e0, 0x0000000002bfbd88]
Event: 1.551 Thread 0x0000000017537800 nmethod 250 0x0000000002bf2fd0 code [0x0000000002bf3120, 0x0000000002bf31f8]
Event: 1.552 Thread 0x0000000017538800  255       3       com.android.dx.cf.direct.AttributeListParser::setObserver (6 bytes)
Event: 1.552 Thread 0x0000000017538800 nmethod 255 0x0000000002bfb510 code [0x0000000002bfb660, 0x0000000002bfb7d0]
Event: 1.552 Thread 0x0000000017538800  257   !   3       com.android.dx.cf.direct.AttributeListParser::parse (323 bytes)
Event: 1.552 Thread 0x0000000017537800  258       4       java.lang.String::startsWith (7 bytes)

GC Heap History (0 events):
No events

Deoptimization events (0 events):
No events

Internal exceptions (2 events):
Event: 0.597 Thread 0x0000000002a4e000 Exception <a 'java/lang/NoSuchMethodError': Method sun.misc.Unsafe.defineClass(Ljava/lang/String;[BII)Ljava/lang/Class; name or signature does not match> (0x00000000eab07ca8) thrown at [C:\re\workspace\8-2-build-windows-amd64-cygwin\jdk8u121\8372\hotspot\
Event: 0.597 Thread 0x0000000002a4e000 Exception <a 'java/lang/NoSuchMethodError': Method sun.misc.Unsafe.prefetchRead(Ljava/lang/Object;J)V name or signature does not match> (0x00000000eab07f90) thrown at [C:\re\workspace\8-2-build-windows-amd64-cygwin\jdk8u121\8372\hotspot\src\share\vm\prims

Events (10 events):
Event: 1.548 loading class com/android/dx/cf/attrib/InnerClassList done
Event: 1.549 loading class com/android/dx/cf/attrib/InnerClassList$Item
Event: 1.549 loading class com/android/dx/cf/attrib/InnerClassList$Item done
Event: 1.549 loading class com/android/dx/dex/code/DalvCode$AssignIndicesCallback
Event: 1.549 loading class com/android/dx/cf/attrib/AttInnerClasses
Event: 1.549 loading class com/android/dx/cf/attrib/AttInnerClasses done
Event: 1.550 loading class java/util/concurrent/locks/LockSupport
Event: 1.550 loading class java/util/concurrent/locks/LockSupport done
Event: 1.551 loading class sun/nio/ch/Interruptible
Event: 1.551 loading class sun/nio/ch/Interruptible done


Dynamic libraries:
0x00007ff6c3470000 - 0x00007ff6c34a7000 	C:\Program Files\Java\jdk1.8.0_121\bin\java.exe
0x00007ffdbae90000 - 0x00007ffdbb061000 	C:\WINDOWS\SYSTEM32\ntdll.dll
0x00007ffdba440000 - 0x00007ffdba4eb000 	C:\WINDOWS\System32\KERNEL32.DLL
0x00007ffdb71f0000 - 0x00007ffdb740d000 	C:\WINDOWS\System32\KERNELBASE.dll
0x00007ffdb85a0000 - 0x00007ffdb8642000 	C:\WINDOWS\System32\ADVAPI32.dll
0x00007ffdba3a0000 - 0x00007ffdba43e000 	C:\WINDOWS\System32\msvcrt.dll
0x00007ffdba4f0000 - 0x00007ffdba549000 	C:\WINDOWS\System32\sechost.dll
0x00007ffdb8a60000 - 0x00007ffdb8b81000 	C:\WINDOWS\System32\RPCRT4.dll
0x00007ffdb88c0000 - 0x00007ffdb8a25000 	C:\WINDOWS\System32\USER32.dll
0x00007ffdb7130000 - 0x00007ffdb714e000 	C:\WINDOWS\System32\win32u.dll
0x00007ffdba5f0000 - 0x00007ffdba624000 	C:\WINDOWS\System32\GDI32.dll
0x00007ffdb7910000 - 0x00007ffdb7a92000 	C:\WINDOWS\System32\gdi32full.dll
0x00007ffdae6a0000 - 0x00007ffdae91a000 	C:\WINDOWS\WinSxS\amd64_microsoft.windows.common-controls_6595b64144ccf1df_6.0.14393.351_none_4213128bc687e6d3\COMCTL32.dll
0x00007ffdb8260000 - 0x00007ffdb8527000 	C:\WINDOWS\System32\combase.dll
0x00007ffdb7490000 - 0x00007ffdb7585000 	C:\WINDOWS\System32\ucrtbase.dll
0x00007ffdb7410000 - 0x00007ffdb747a000 	C:\WINDOWS\System32\bcryptPrimitives.dll
0x00007ffdbad00000 - 0x00007ffdbad2e000 	C:\WINDOWS\System32\IMM32.DLL
0x0000000062640000 - 0x0000000062712000 	C:\Program Files\Java\jdk1.8.0_121\jre\bin\msvcr100.dll
0x0000000062ad0000 - 0x000000006336b000 	C:\Program Files\Java\jdk1.8.0_121\jre\bin\server\jvm.dll
0x00007ffdb7aa0000 - 0x00007ffdb7ac3000 	C:\WINDOWS\System32\WINMM.dll
0x00007ffdb70d0000 - 0x00007ffdb70fb000 	C:\WINDOWS\System32\WINMMBASE.dll
0x00007ffdb78c0000 - 0x00007ffdb7902000 	C:\WINDOWS\System32\cfgmgr32.dll
0x00007ffdb8a50000 - 0x00007ffdb8a58000 	C:\WINDOWS\System32\PSAPI.DLL
0x00007ffda7ea0000 - 0x00007ffda7ea9000 	C:\WINDOWS\SYSTEM32\WSOCK32.dll
0x00007ffdbaac0000 - 0x00007ffdbab2a000 	C:\WINDOWS\System32\WS2_32.dll
0x00007ffdb3200000 - 0x00007ffdb320a000 	C:\WINDOWS\SYSTEM32\VERSION.dll
0x0000000062ac0000 - 0x0000000062acf000 	C:\Program Files\Java\jdk1.8.0_121\jre\bin\verify.dll
0x0000000062a90000 - 0x0000000062ab9000 	C:\Program Files\Java\jdk1.8.0_121\jre\bin\java.dll
0x0000000062a70000 - 0x0000000062a86000 	C:\Program Files\Java\jdk1.8.0_121\jre\bin\zip.dll
0x00007ffdb8c50000 - 0x00007ffdba159000 	C:\WINDOWS\System32\SHELL32.dll
0x00007ffdb7b80000 - 0x00007ffdb825a000 	C:\WINDOWS\System32\windows.storage.dll
0x00007ffdb7870000 - 0x00007ffdb78bc000 	C:\WINDOWS\System32\powrprof.dll
0x00007ffdbaa60000 - 0x00007ffdbaab2000 	C:\WINDOWS\System32\shlwapi.dll
0x00007ffdb70c0000 - 0x00007ffdb70cf000 	C:\WINDOWS\System32\kernel.appcore.dll
0x00007ffdb7ad0000 - 0x00007ffdb7b79000 	C:\WINDOWS\System32\shcore.dll
0x00007ffdb7110000 - 0x00007ffdb7124000 	C:\WINDOWS\System32\profapi.dll

VM Arguments:
jvm_args: -Djava.awt.headless=true -Xmx1024M -Dfile.encoding=GBK -Duser.country=US -Duser.language=en -Duser.variant 
java_command: com.android.dx.command.Main --dex --num-threads=4 --output C:\Users\Administrator\Desktop\Grade3\GraduateDesign\BestOJApp\project\BestOJApp\app\build\intermediates\pre-dexed\debug\greendao-1.3.7_7f8c1aac3a5838d150b4ad3e91d5f8e4c02f92da.jar C:\Users\Administrator\.gradle\caches\modules-2\files-2.1\de.greenrobot\greendao\1.3.7\dda08161d004c4df96938da6909f1c2b96cd33c8\greendao-1.3.7.jar
java_class_path (initial): F:\Android\sdk\build-tools\23.0.2\lib\dx.jar
Launcher Type: SUN_STANDARD

Environment Variables:
CLASSPATH=.;C:\apache-ant-1.9.7\lib;c:\Program Files (x86)\QuickTime\QTSystem\QTJava.zip
PATH=C:\ProgramData\Oracle\Java\javapath;F:\DB\product\11.1.0\db_1\bin;C:\Program Files (x86)\Intel\iCLS Client\;C:\Program Files\Intel\iCLS Client\;C:\Windows\system32;C:\Windows;C:\Windows\System32\Wbem;C:\Windows\System32\WindowsPowerShell\v1.0\;C:\Program Files\Intel\Intel(R) Management Engine Components\DAL;C:\Program Files\Intel\Intel(R) Management Engine Components\IPT;C:\Program Files (x86)\Intel\Intel(R) Management Engine Components\DAL;C:\Program Files (x86)\Intel\Intel(R) Management Engine Components\IPT;C:\Program Files (x86)\NVIDIA Corporation\PhysX\Common;C:\mysql-5.1.63-winx64\bin;F:\gradle-2.11\bin;C:\Program Files\Git\cmd;C:\apache-ant-1.9.7\bin;C:\Program Files (x86)\Windows Kits\8.1\Windows Performance Toolkit\;C:\Program Files (x86)\ATI Technologies\ATI.ACE\Core-Static;c:\Program Files (x86)\QuickTime\QTSystem\;C:\WINDOWS\system32;C:\WINDOWS;C:\WINDOWS\System32\Wbem;C:\WINDOWS\System32\WindowsPowerShell\v1.0\;C:\Program Files (x86)\Livestreamer;C:\Program Files\TortoiseSVN\bin;C:\Users\Administrator\AppData\Local\Programs\Python\Python35-32\Scripts\;C:\Users\Administrator\AppData\Local\Programs\Python\Python35-32\;C:\Users\Administrator\AppData\Local\Microsoft\WindowsApps;F:\texlive\2016\bin\win32
USERNAME=Administrator
OS=Windows_NT
PROCESSOR_IDENTIFIER=Intel64 Family 6 Model 60 Stepping 3, GenuineIntel



---------------  S Y S T E M  ---------------

OS: Windows 10.0 , 64 bit Build 14393 (10.0.14393.0)

CPU:total 8 (4 cores per cpu, 2 threads per core) family 6 model 60 stepping 3, cmov, cx8, fxsr, mmx, sse, sse2, sse3, ssse3, sse4.1, sse4.2, popcnt, avx, avx2, aes, clmul, erms, lzcnt, ht, tsc, tscinvbit, bmi1, bmi2

Memory: 4k page, physical 16712212k(7045720k free), swap 18279856k(72k free)

vm_info: Java HotSpot(TM) 64-Bit Server VM (25.121-b13) for windows-amd64 JRE (1.8.0_121-b13), built on Dec 12 2016 18:21:36 by "java_re" with MS VC++ 10.0 (VS2010)

time: Tue Mar 07 19:28:00 2017
elapsed time: 1 seconds (0d 0h 0m 1s)

