#
# There is insufficient memory for the Java Runtime Environment to continue.
# Native memory allocation (malloc) failed to allocate 352896 bytes for Chunk::new
# Possible reasons:
#   The system is out of physical RAM or swap space
#   In 32 bit mode, the process size limit was hit
# Possible solutions:
#   Reduce memory load on the system
#   Increase physical memory or swap space
#   Check if swap backing store is full
#   Use 64 bit Java on a 64 bit OS
#   Decrease Java heap size (-Xmx/-Xms)
#   Decrease number of Java threads
#   Decrease Java thread stack sizes (-Xss)
#   Set larger code cache with -XX:ReservedCodeCacheSize=
# This output file may be truncated or incomplete.
#
#  Out of Memory Error (allocation.cpp:390), pid=15964, tid=0x0000000000002a3c
#
# JRE version: Java(TM) SE Runtime Environment (8.0_121-b13) (build 1.8.0_121-b13)
# Java VM: Java HotSpot(TM) 64-Bit Server VM (25.121-b13 mixed mode windows-amd64 compressed oops)
# Failed to write core dump. Minidumps are not enabled by default on client versions of Windows
#

---------------  T H R E A D  ---------------

Current thread (0x00000000176c0800):  JavaThread "C2 CompilerThread1" daemon [_thread_in_native, id=10812, stack(0x0000000017f20000,0x0000000018020000)]

Stack: [0x0000000017f20000,0x0000000018020000]
[error occurred during error reporting (printing stack bounds), id 0xc0000005]

Native frames: (J=compiled Java code, j=interpreted, Vv=VM code, C=native code)


Current CompileTask:
C2:   3675 1259       4       com.android.dx.ssa.SCCP::simulatePhi (169 bytes)


---------------  P R O C E S S  ---------------

Java Threads: ( => current thread )
  0x0000000017938800 JavaThread "pool-1-thread-4" [_thread_blocked, id=7756, stack(0x0000000018820000,0x0000000018920000)]
  0x0000000017936000 JavaThread "pool-1-thread-3" [_thread_blocked, id=20572, stack(0x0000000018720000,0x0000000018820000)]
  0x0000000017930000 JavaThread "pool-1-thread-2" [_thread_blocked, id=18316, stack(0x0000000018620000,0x0000000018720000)]
  0x000000001792f000 JavaThread "pool-2-thread-1" [_thread_blocked, id=11240, stack(0x0000000018520000,0x0000000018620000)]
  0x000000001792e800 JavaThread "pool-1-thread-1" [_thread_in_Java, id=21180, stack(0x0000000018420000,0x0000000018520000)]
  0x0000000017719800 JavaThread "Service Thread" daemon [_thread_blocked, id=21020, stack(0x0000000018220000,0x0000000018320000)]
  0x0000000017715000 JavaThread "C1 CompilerThread3" daemon [_thread_blocked, id=18108, stack(0x0000000018120000,0x0000000018220000)]
  0x0000000017712000 JavaThread "C2 CompilerThread2" daemon [_thread_in_native, id=15404, stack(0x0000000018020000,0x0000000018120000)]
=>0x00000000176c0800 JavaThread "C2 CompilerThread1" daemon [_thread_in_native, id=10812, stack(0x0000000017f20000,0x0000000018020000)]
  0x00000000176bc800 JavaThread "C2 CompilerThread0" daemon [_thread_in_native, id=13188, stack(0x0000000017e20000,0x0000000017f20000)]
  0x00000000176b9800 JavaThread "Attach Listener" daemon [_thread_blocked, id=15420, stack(0x0000000017d20000,0x0000000017e20000)]
  0x0000000017667000 JavaThread "Signal Dispatcher" daemon [_thread_blocked, id=20656, stack(0x0000000017c20000,0x0000000017d20000)]
  0x0000000002b58000 JavaThread "Finalizer" daemon [_thread_blocked, id=15712, stack(0x0000000017a30000,0x0000000017b30000)]
  0x000000001575d800 JavaThread "Reference Handler" daemon [_thread_blocked, id=17204, stack(0x0000000017530000,0x0000000017630000)]
  0x0000000002c3e000 JavaThread "main" [_thread_in_vm, id=19200, stack(0x0000000002560000,0x0000000002660000)]

Other Threads:
  0x0000000015759000 VMThread [stack: 0x0000000017430000,0x0000000017530000] [id=10012]
  0x0000000017736000 WatcherThread [stack: 0x0000000018320000,0x0000000018420000] [id=15336]

VM state:not at safepoint (normal execution)

VM Mutex/Monitor currently owned by a thread: None

Heap:
 PSYoungGen      total 76288K, used 36732K [0x00000000eab00000, 0x00000000f0000000, 0x0000000100000000)
  eden space 65536K, 56% used [0x00000000eab00000,0x00000000ecedf298,0x00000000eeb00000)
  from space 10752K, 0% used [0x00000000ef580000,0x00000000ef580000,0x00000000f0000000)
  to   space 10752K, 0% used [0x00000000eeb00000,0x00000000eeb00000,0x00000000ef580000)
 ParOldGen       total 175104K, used 0K [0x00000000c0000000, 0x00000000cab00000, 0x00000000eab00000)
  object space 175104K, 0% used [0x00000000c0000000,0x00000000c0000000,0x00000000cab00000)
 Metaspace       used 6144K, capacity 6936K, committed 7168K, reserved 1056768K
  class space    used 618K, capacity 656K, committed 768K, reserved 1048576K

Card table byte_map: [0x0000000012000000,0x0000000012210000] byte_map_base: 0x0000000011a00000

Marking Bits: (ParMarkBitMap*) 0x00000000632eb6d0
 Begin Bits: [0x0000000012b70000, 0x0000000013b70000)
 End Bits:   [0x0000000013b70000, 0x0000000014b70000)

Polling page: 0x0000000000d90000

CodeCache: size=245760Kb used=4925Kb max_used=4925Kb free=240834Kb
 bounds [0x0000000002c40000, 0x0000000003120000, 0x0000000011c40000]
 total_blobs=1562 nmethods=1293 adapters=182
 compilation: enabled

Compilation events (10 events):
Event: 3.670 Thread 0x00000000176bc800 1281       4       com.android.dx.rop.code.RopMethod::labelToPredecessors (54 bytes)
Event: 3.670 Thread 0x0000000017715000 1290       3       com.android.dx.ssa.SsaRenamer$BlockRenamer::visitPhiInsn (6 bytes)
Event: 3.671 Thread 0x0000000017715000 nmethod 1290 0x0000000003100790 code [0x0000000003100900, 0x0000000003100a88]
Event: 3.671 Thread 0x0000000017715000 1291       3       com.android.dx.rop.code.ThrowingInsn::withNewRegisters (21 bytes)
Event: 3.671 Thread 0x0000000017715000 nmethod 1291 0x000000000310e390 code [0x000000000310e500, 0x000000000310e828]
Event: 3.671 Thread 0x0000000017715000 1292       3       com.android.dx.cf.code.BytecodeArray::<init> (43 bytes)
Event: 3.671 Thread 0x00000000176bc800 nmethod 1281 0x000000000310cb50 code [0x000000000310cca0, 0x000000000310cd68]
Event: 3.671 Thread 0x0000000017715000 nmethod 1292 0x000000000310c490 code [0x000000000310c620, 0x000000000310c9d8]
Event: 3.671 Thread 0x0000000017715000 1293       3       com.android.dx.ssa.SsaMethod::forEachBlockDepthFirstDom (128 bytes)
Event: 3.672 Thread 0x00000000176bc800 1296       4       com.android.dx.ssa.SCCP::simulateStmt (481 bytes)

GC Heap History (0 events):
No events

Deoptimization events (8 events):
Event: 3.372 Thread 0x0000000017938800 Uncommon trap: reason=unstable_if action=reinterpret pc=0x0000000002e5d2a4 method=java.util.HashMap.getNode(ILjava/lang/Object;)Ljava/util/HashMap$Node; @ 129
Event: 3.379 Thread 0x0000000017938800 Uncommon trap: reason=unstable_if action=reinterpret pc=0x0000000002e81070 method=java.util.BitSet.nextSetBit(I)I @ 87
Event: 3.395 Thread 0x0000000017938800 Uncommon trap: reason=class_check action=maybe_recompile pc=0x0000000002ece614 method=com.android.dx.ssa.NormalSsaInsn.accept(Lcom/android/dx/ssa/SsaInsn$Visitor;)V @ 9
Event: 3.395 Thread 0x0000000017938800 Uncommon trap: reason=class_check action=maybe_recompile pc=0x0000000002ece614 method=com.android.dx.ssa.NormalSsaInsn.accept(Lcom/android/dx/ssa/SsaInsn$Visitor;)V @ 9
Event: 3.395 Thread 0x0000000017938800 Uncommon trap: reason=class_check action=maybe_recompile pc=0x0000000002ece614 method=com.android.dx.ssa.NormalSsaInsn.accept(Lcom/android/dx/ssa/SsaInsn$Visitor;)V @ 9
Event: 3.396 Thread 0x0000000017938800 Uncommon trap: reason=class_check action=maybe_recompile pc=0x0000000002ece614 method=com.android.dx.ssa.NormalSsaInsn.accept(Lcom/android/dx/ssa/SsaInsn$Visitor;)V @ 9
Event: 3.463 Thread 0x0000000017936000 Uncommon trap: reason=unstable_if action=reinterpret pc=0x0000000002f5c22c method=com.android.dx.rop.code.RegisterSpecSet.put(Lcom/android/dx/rop/code/RegisterSpec;)V @ 77
Event: 3.463 Thread 0x0000000017936000 Uncommon trap: reason=unstable_if action=reinterpret pc=0x0000000002f804a0 method=com.android.dx.rop.code.RegisterSpecSet.put(Lcom/android/dx/rop/code/RegisterSpec;)V @ 77

Internal exceptions (2 events):
Event: 2.160 Thread 0x0000000002c3e000 Exception <a 'java/lang/NoSuchMethodError': Method sun.misc.Unsafe.defineClass(Ljava/lang/String;[BII)Ljava/lang/Class; name or signature does not match> (0x00000000eab07ca8) thrown at [C:\re\workspace\8-2-build-windows-amd64-cygwin\jdk8u121\8372\hotspot\
Event: 2.160 Thread 0x0000000002c3e000 Exception <a 'java/lang/NoSuchMethodError': Method sun.misc.Unsafe.prefetchRead(Ljava/lang/Object;J)V name or signature does not match> (0x00000000eab07f90) thrown at [C:\re\workspace\8-2-build-windows-amd64-cygwin\jdk8u121\8372\hotspot\src\share\vm\prims

Events (10 events):
Event: 3.433 loading class java/util/DualPivotQuicksort
Event: 3.434 loading class java/util/DualPivotQuicksort done
Event: 3.463 Thread 0x0000000017936000 Uncommon trap: trap_request=0xffffff65 fr.pc=0x0000000002f5c22c
Event: 3.463 Thread 0x0000000017936000 DEOPT PACKING pc=0x0000000002f5c22c sp=0x000000001881ee10
Event: 3.463 Thread 0x0000000017936000 DEOPT UNPACKING pc=0x0000000002c8582a sp=0x000000001881ed98 mode 2
Event: 3.463 Thread 0x0000000017936000 Uncommon trap: trap_request=0xffffff65 fr.pc=0x0000000002f804a0
Event: 3.463 Thread 0x0000000017936000 DEOPT PACKING pc=0x0000000002f804a0 sp=0x000000001881ee00
Event: 3.463 Thread 0x0000000017936000 DEOPT UNPACKING pc=0x0000000002c8582a sp=0x000000001881ed20 mode 2
Event: 3.638 Executing VM operation: ForceSafepoint
Event: 3.638 Executing VM operation: ForceSafepoint done


Dynamic libraries:
0x00007ff6c3470000 - 0x00007ff6c34a7000 	C:\Program Files\Java\jdk1.8.0_121\bin\java.exe
0x00007ffdbae90000 - 0x00007ffdbb061000 	C:\WINDOWS\SYSTEM32\ntdll.dll
0x00007ffdba440000 - 0x00007ffdba4eb000 	C:\WINDOWS\System32\KERNEL32.DLL
0x00007ffdb71f0000 - 0x00007ffdb740d000 	C:\WINDOWS\System32\KERNELBASE.dll
0x00007ffdb85a0000 - 0x00007ffdb8642000 	C:\WINDOWS\System32\ADVAPI32.dll
0x00007ffdba3a0000 - 0x00007ffdba43e000 	C:\WINDOWS\System32\msvcrt.dll
0x00007ffdba4f0000 - 0x00007ffdba549000 	C:\WINDOWS\System32\sechost.dll
0x00007ffdb8a60000 - 0x00007ffdb8b81000 	C:\WINDOWS\System32\RPCRT4.dll
0x00007ffdb88c0000 - 0x00007ffdb8a25000 	C:\WINDOWS\System32\USER32.dll
0x00007ffdb7130000 - 0x00007ffdb714e000 	C:\WINDOWS\System32\win32u.dll
0x00007ffdba5f0000 - 0x00007ffdba624000 	C:\WINDOWS\System32\GDI32.dll
0x00007ffdb7910000 - 0x00007ffdb7a92000 	C:\WINDOWS\System32\gdi32full.dll
0x00007ffdae6a0000 - 0x00007ffdae91a000 	C:\WINDOWS\WinSxS\amd64_microsoft.windows.common-controls_6595b64144ccf1df_6.0.14393.351_none_4213128bc687e6d3\COMCTL32.dll
0x00007ffdb8260000 - 0x00007ffdb8527000 	C:\WINDOWS\System32\combase.dll
0x00007ffdb7490000 - 0x00007ffdb7585000 	C:\WINDOWS\System32\ucrtbase.dll
0x00007ffdb7410000 - 0x00007ffdb747a000 	C:\WINDOWS\System32\bcryptPrimitives.dll
0x00007ffdbad00000 - 0x00007ffdbad2e000 	C:\WINDOWS\System32\IMM32.DLL
0x0000000062640000 - 0x0000000062712000 	C:\Program Files\Java\jdk1.8.0_121\jre\bin\msvcr100.dll
0x0000000062ad0000 - 0x000000006336b000 	C:\Program Files\Java\jdk1.8.0_121\jre\bin\server\jvm.dll
0x00007ffdb7aa0000 - 0x00007ffdb7ac3000 	C:\WINDOWS\System32\WINMM.dll
0x00007ffdb70d0000 - 0x00007ffdb70fb000 	C:\WINDOWS\System32\WINMMBASE.dll
0x00007ffdb78c0000 - 0x00007ffdb7902000 	C:\WINDOWS\System32\cfgmgr32.dll
0x00007ffdb8a50000 - 0x00007ffdb8a58000 	C:\WINDOWS\System32\PSAPI.DLL
0x00007ffda7ea0000 - 0x00007ffda7ea9000 	C:\WINDOWS\SYSTEM32\WSOCK32.dll
0x00007ffdbaac0000 - 0x00007ffdbab2a000 	C:\WINDOWS\System32\WS2_32.dll
0x00007ffdb3200000 - 0x00007ffdb320a000 	C:\WINDOWS\SYSTEM32\VERSION.dll
0x0000000062ac0000 - 0x0000000062acf000 	C:\Program Files\Java\jdk1.8.0_121\jre\bin\verify.dll
0x0000000062a90000 - 0x0000000062ab9000 	C:\Program Files\Java\jdk1.8.0_121\jre\bin\java.dll
0x0000000062a70000 - 0x0000000062a86000 	C:\Program Files\Java\jdk1.8.0_121\jre\bin\zip.dll
0x00007ffdb8c50000 - 0x00007ffdba159000 	C:\WINDOWS\System32\SHELL32.dll
0x00007ffdb7b80000 - 0x00007ffdb825a000 	C:\WINDOWS\System32\windows.storage.dll
0x00007ffdb7870000 - 0x00007ffdb78bc000 	C:\WINDOWS\System32\powrprof.dll
0x00007ffdbaa60000 - 0x00007ffdbaab2000 	C:\WINDOWS\System32\shlwapi.dll
0x00007ffdb70c0000 - 0x00007ffdb70cf000 	C:\WINDOWS\System32\kernel.appcore.dll
0x00007ffdb7ad0000 - 0x00007ffdb7b79000 	C:\WINDOWS\System32\shcore.dll
0x00007ffdb7110000 - 0x00007ffdb7124000 	C:\WINDOWS\System32\profapi.dll

VM Arguments:
jvm_args: -Djava.awt.headless=true -Xmx1024M -Dfile.encoding=GBK -Duser.country=US -Duser.language=en -Duser.variant 
java_command: com.android.dx.command.Main --dex --num-threads=4 --output C:\Users\Administrator\Desktop\Grade3\GraduateDesign\BestOJApp\project\BestOJApp\app\build\intermediates\pre-dexed\debug\androidannotations-api-3.1_060d86272ba3d5216cfec5732832ac1230787781.jar C:\Users\Administrator\.gradle\caches\modules-2\files-2.1\org.androidannotations\androidannotations-api\3.1\ac33174269a767fcbf3a944cdb3d52e07ef93bee\androidannotations-api-3.1.jar
java_class_path (initial): F:\Android\sdk\build-tools\23.0.2\lib\dx.jar
Launcher Type: SUN_STANDARD

Environment Variables:
CLASSPATH=.;C:\apache-ant-1.9.7\lib;c:\Program Files (x86)\QuickTime\QTSystem\QTJava.zip
PATH=C:\ProgramData\Oracle\Java\javapath;F:\DB\product\11.1.0\db_1\bin;C:\Program Files (x86)\Intel\iCLS Client\;C:\Program Files\Intel\iCLS Client\;C:\Windows\system32;C:\Windows;C:\Windows\System32\Wbem;C:\Windows\System32\WindowsPowerShell\v1.0\;C:\Program Files\Intel\Intel(R) Management Engine Components\DAL;C:\Program Files\Intel\Intel(R) Management Engine Components\IPT;C:\Program Files (x86)\Intel\Intel(R) Management Engine Components\DAL;C:\Program Files (x86)\Intel\Intel(R) Management Engine Components\IPT;C:\Program Files (x86)\NVIDIA Corporation\PhysX\Common;C:\mysql-5.1.63-winx64\bin;F:\gradle-2.11\bin;C:\Program Files\Git\cmd;C:\apache-ant-1.9.7\bin;C:\Program Files (x86)\Windows Kits\8.1\Windows Performance Toolkit\;C:\Program Files (x86)\ATI Technologies\ATI.ACE\Core-Static;c:\Program Files (x86)\QuickTime\QTSystem\;C:\WINDOWS\system32;C:\WINDOWS;C:\WINDOWS\System32\Wbem;C:\WINDOWS\System32\WindowsPowerShell\v1.0\;C:\Program Files (x86)\Livestreamer;C:\Program Files\TortoiseSVN\bin;C:\Users\Administrator\AppData\Local\Programs\Python\Python35-32\Scripts\;C:\Users\Administrator\AppData\Local\Programs\Python\Python35-32\;C:\Users\Administrator\AppData\Local\Microsoft\WindowsApps;F:\texlive\2016\bin\win32
USERNAME=Administrator
OS=Windows_NT
PROCESSOR_IDENTIFIER=Intel64 Family 6 Model 60 Stepping 3, GenuineIntel



---------------  S Y S T E M  ---------------

OS: Windows 10.0 , 64 bit Build 14393 (10.0.14393.0)

CPU:total 8 (4 cores per cpu, 2 threads per core) family 6 model 60 stepping 3, cmov, cx8, fxsr, mmx, sse, sse2, sse3, ssse3, sse4.1, sse4.2, popcnt, avx, avx2, aes, clmul, erms, lzcnt, ht, tsc, tscinvbit, bmi1, bmi2

Memory: 4k page, physical 16712212k(7053420k free), swap 18279856k(4140k free)

vm_info: Java HotSpot(TM) 64-Bit Server VM (25.121-b13) for windows-amd64 JRE (1.8.0_121-b13), built on Dec 12 2016 18:21:36 by "java_re" with MS VC++ 10.0 (VS2010)

time: Tue Mar 07 19:28:00 2017
elapsed time: 3 seconds (0d 0h 0m 3s)

